*****************************************************************
      SolidWorks Corporation - IGES Processor Status Report
*****************************************************************
=================================================================
General Information
=================================================================
Sending System Product I.D.  : 87999 ORION
Receiving System Product I.D.: 87999 ORION
File Name                    : 87934 Hot End Adpater.IGS
Sending System               : SolidWorks 2013
Preprocessor Version         : SolidWorks 2013
File Creation Date           : 131002.192222
Model Creation Date          : 131002.192222
Units                        : MM
Model Space Scale            : 1
Author                       : i7CAD
Organization                 : 


=================================================================
Entity Processing Information
=================================================================


=================================================================
Precision analysis of IGES file:
=================================================================
  Most prevalent number of significant digits:              11
  Highest number of significant digits:                     11
  Average number of significant digits:                6.86721
  Maximum distance to origin:                          1000.92
  Minimum distance to origin:                                0
  Effective number of significant digits:                   11


=================================================================
Entity Summary
=================================================================
-----------------------------------------------------------------
Type Name                                         Count Converted
---- ----                                         ----- ---------
100  Arc                                            140       140
102  Composite curve                                128       128
110  Line                                           194       194
120  Surface of revolution                           35        35
124  Transformation matrix                           79        79
126  Rational B-spline curve                        264       264
128  Rational B-spline surface                       11        11
142  Curve on a parametric surface                   64        64
144  Trimmed parametric surface                      46        46
314  Color definition                                 1         1
_________________________________________________________________


=================================================================
Result Summary
=================================================================
SolidWorks Feature Type                Count
-----------------------                -----
Solid feature(s)                       1
Surface feature(s)                     0
Curve/Sketch feature(s)                0
--------------------------------------------
Start time: Wednesday, December 18, 2013 14:11:51
Finish time: Wednesday, December 18, 2013 14:11:52
Processing time: 0 days, 00 hours, 00 mins, 01 secs
